#
# There is insufficient memory for the Java Runtime Environment to continue.
# Native memory allocation (malloc) failed to allocate 32756 bytes for ChunkPool::allocate
# Possible reasons:
#   The system is out of physical RAM or swap space
#   In 32 bit mode, the process size limit was hit
# Possible solutions:
#   Reduce memory load on the system
#   Increase physical memory or swap space
#   Check if swap backing store is full
#   Use 64 bit Java on a 64 bit OS
#   Decrease Java heap size (-Xmx/-Xms)
#   Decrease number of Java threads
#   Decrease Java thread stack sizes (-Xss)
#   Set larger code cache with -XX:ReservedCodeCacheSize=
# This output file may be truncated or incomplete.
#
#  Out of Memory Error (allocation.cpp:222), pid=8804, tid=8296
#
# JRE version: 7.0_25-b17
# Java VM: Java HotSpot(TM) Client VM (23.25-b01 mixed mode windows-x86 )
# Failed to write core dump. Minidumps are not enabled by default on client versions of Windows
#

---------------  T H R E A D  ---------------

Current thread (0x18d81400):  JavaThread "C1 CompilerThread0" daemon [_thread_in_native, id=8296, stack(0x19220000,0x19270000)]

Stack: [0x19220000,0x19270000],  sp=0x1926f568,  free space=317k
Native frames: (J=compiled Java code, j=interpreted, Vv=VM code, C=native code)
V  [jvm.dll+0x167e31]
V  [jvm.dll+0x162255]
V  [jvm.dll+0x5c18a]
V  [jvm.dll+0x5c34b]
V  [jvm.dll+0x5c507]
V  [jvm.dll+0x19a55d]
V  [jvm.dll+0x2588ad]
V  [jvm.dll+0x19cb17]
V  [jvm.dll+0x23ab7e]
V  [jvm.dll+0x255da9]
V  [jvm.dll+0x25d75e]
V  [jvm.dll+0x25d7fc]
V  [jvm.dll+0x2476fe]
V  [jvm.dll+0x2581ca]
V  [jvm.dll+0x247496]
V  [jvm.dll+0x238f36]
V  [jvm.dll+0x2390e7]
V  [jvm.dll+0x23919a]
V  [jvm.dll+0x2392f8]
V  [jvm.dll+0x23957d]
V  [jvm.dll+0x44afb]
V  [jvm.dll+0x45036]
V  [jvm.dll+0x144447]
V  [jvm.dll+0x1445b0]
V  [jvm.dll+0x177bb9]
C  [msvcr100.dll+0x5c6de]
C  [msvcr100.dll+0x5c788]
C  [kernel32.dll+0x1338a]
C  0x00235e2f
C  [ntdll.dll+0x39f72]
C  [ntdll.dll+0x39f45]


Current CompileTask:
C1:   6125  195   !         sun.awt.image.ImageRepresentation::setPixels (1055 bytes)


---------------  P R O C E S S  ---------------

Java Threads: ( => current thread )
  0x1972f400 JavaThread "TimerQueue" daemon [_thread_blocked, id=5948, stack(0x1e800000,0x1e850000)]
  0x196e7000 JavaThread "D3D Screen Updater" daemon [_thread_blocked, id=248, stack(0x1cb60000,0x1cbb0000)]
  0x19680000 JavaThread "Image Fetcher 0" daemon [_thread_in_native, id=6044, stack(0x1c9c0000,0x1ca10000)]
  0x025db800 JavaThread "DestroyJavaVM" [_thread_blocked, id=7640, stack(0x02370000,0x023c0000)]
  0x19608400 JavaThread "AWT-EventQueue-0" [_thread_blocked, id=8456, stack(0x19a40000,0x19a90000)]
  0x18e52400 JavaThread "AWT-Windows" daemon [_thread_in_native, id=8028, stack(0x195b0000,0x19600000)]
  0x18e51c00 JavaThread "AWT-Shutdown" [_thread_blocked, id=5216, stack(0x19520000,0x19570000)]
  0x18e4b000 JavaThread "Java2D Disposer" daemon [_thread_blocked, id=8284, stack(0x19490000,0x194e0000)]
  0x18d84800 JavaThread "Service Thread" daemon [_thread_blocked, id=5780, stack(0x192b0000,0x19300000)]
=>0x18d81400 JavaThread "C1 CompilerThread0" daemon [_thread_in_native, id=8296, stack(0x19220000,0x19270000)]
  0x18d80000 JavaThread "Attach Listener" daemon [_thread_blocked, id=1652, stack(0x19190000,0x191e0000)]
  0x18d7b000 JavaThread "Signal Dispatcher" daemon [_thread_blocked, id=4204, stack(0x19100000,0x19150000)]
  0x18d22000 JavaThread "Finalizer" daemon [_thread_blocked, id=3632, stack(0x19070000,0x190c0000)]
  0x18d1cc00 JavaThread "Reference Handler" daemon [_thread_blocked, id=9188, stack(0x18fe0000,0x19030000)]

Other Threads:
  0x18d17400 VMThread [stack: 0x18f50000,0x18fa0000] [id=4688]
  0x18dab000 WatcherThread [stack: 0x19340000,0x19390000] [id=7424]

VM state:not at safepoint (normal execution)

VM Mutex/Monitor currently owned by a thread: None

Heap
 def new generation   total 4928K, used 4755K [0x04c00000, 0x05150000, 0x0a150000)
  eden space 4416K,  98% used [0x04c00000, 0x0503d288, 0x05050000)
  from space 512K,  81% used [0x050d0000, 0x05137bf8, 0x05150000)
  to   space 512K,   0% used [0x05050000, 0x05050000, 0x050d0000)
 tenured generation   total 10944K, used 4598K [0x0a150000, 0x0ac00000, 0x14c00000)
   the space 10944K,  42% used [0x0a150000, 0x0a5cd868, 0x0a5cda00, 0x0ac00000)
 compacting perm gen  total 12288K, used 8044K [0x14c00000, 0x15800000, 0x18c00000)
   the space 12288K,  65% used [0x14c00000, 0x153db098, 0x153db200, 0x15800000)
No shared spaces configured.

Card table byte_map: [0x18c00000,0x18cb0000] byte_map_base: 0x18bda000

Polling page: 0x00480000

Code Cache  [0x02c00000, 0x02ce0000, 0x04c00000)
 total_blobs=435 nmethods=194 adapters=176 free_code_cache=31893Kb largest_free_block=32658688

Compilation events (10 events):
Event: 5.985 Thread 0x18d81400 nmethod 189 0x02cd8948 code [0x02cd8a50, 0x02cd8b4c]
Event: 5.985 Thread 0x18d81400  190  s          java.util.Hashtable::get (70 bytes)
Event: 5.986 Thread 0x18d81400 nmethod 190 0x02cd8c08 code [0x02cd8d30, 0x02cd9008]
Event: 5.989 Thread 0x18d81400  191             javax.swing.plaf.synth.SynthContext::getComponent (5 bytes)
Event: 5.989 Thread 0x18d81400 nmethod 191 0x02cd91c8 code [0x02cd92c0, 0x02cd9340]
Event: 6.035 Thread 0x18d81400  193             sun.awt.image.SunWritableRaster::markDirty (8 bytes)
Event: 6.035 Thread 0x18d81400 nmethod 193 0x02cd9608 code [0x02cd9700, 0x02cd9790]
Event: 6.036 Thread 0x18d81400  194  s          java.awt.image.IndexColorModel::getDataElements (683 bytes)
Event: 6.038 Thread 0x18d81400 nmethod 194 0x02cd9808 code [0x02cd9990, 0x02cda16c]
Event: 6.038 Thread 0x18d81400  195   !         sun.awt.image.ImageRepresentation::setPixels (1055 bytes)

GC Heap History (6 events):
Event: 0.641 GC heap before
{Heap before GC invocations=0 (full 0):
 def new generation   total 4928K, used 2340K [0x04c00000, 0x05150000, 0x0a150000)
  eden space 4416K,  53% used [0x04c00000, 0x04e493a8, 0x05050000)
  from space 512K,   0% used [0x05050000, 0x05050000, 0x050d0000)
  to   space 512K,   0% used [0x050d0000, 0x050d0000, 0x05150000)
 tenured generation   total 10944K, used 0K [0x0a150000, 0x0ac00000, 0x14c00000)
   the space 10944K,   0% used [0x0a150000, 0x0a150000, 0x0a150200, 0x0ac00000)
 compacting perm gen  total 12288K, used 5673K [0x14c00000, 0x15800000, 0x18c00000)
   the space 12288K,  46% used [0x14c00000, 0x1518a7b8, 0x1518a800, 0x15800000)
No shared spaces configured.
Event: 0.647 GC heap after
Heap after GC invocations=1 (full 0):
 def new generation   total 4928K, used 512K [0x04c00000, 0x05150000, 0x0a150000)
  eden space 4416K,   0% used [0x04c00000, 0x04c00000, 0x05050000)
  from space 512K, 100% used [0x050d0000, 0x05150000, 0x05150000)
  to   space 512K,   0% used [0x05050000, 0x05050000, 0x050d0000)
 tenured generation   total 10944K, used 626K [0x0a150000, 0x0ac00000, 0x14c00000)
   the space 10944K,   5% used [0x0a150000, 0x0a1ecae0, 0x0a1ecc00, 0x0ac00000)
 compacting perm gen  total 12288K, used 5673K [0x14c00000, 0x15800000, 0x18c00000)
   the space 12288K,  46% used [0x14c00000, 0x1518a7b8, 0x1518a800, 0x15800000)
No shared spaces configured.
}
Event: 0.663 GC heap before
{Heap before GC invocations=1 (full 0):
 def new generation   total 4928K, used 4927K [0x04c00000, 0x05150000, 0x0a150000)
  eden space 4416K,  99% used [0x04c00000, 0x0504fcf0, 0x05050000)
  from space 512K, 100% used [0x050d0000, 0x05150000, 0x05150000)
  to   space 512K,   0% used [0x05050000, 0x05050000, 0x050d0000)
 tenured generation   total 10944K, used 626K [0x0a150000, 0x0ac00000, 0x14c00000)
   the space 10944K,   5% used [0x0a150000, 0x0a1ecae0, 0x0a1ecc00, 0x0ac00000)
 compacting perm gen  total 12288K, used 5733K [0x14c00000, 0x15800000, 0x18c00000)
   the space 12288K,  46% used [0x14c00000, 0x15199530, 0x15199600, 0x15800000)
No shared spaces configured.
Event: 0.667 GC heap after
Heap after GC invocations=2 (full 0):
 def new generation   total 4928K, used 1K [0x04c00000, 0x05150000, 0x0a150000)
  eden space 4416K,   0% used [0x04c00000, 0x04c00000, 0x05050000)
  from space 512K,   0% used [0x05050000, 0x05050548, 0x050d0000)
  to   space 512K,   0% used [0x050d0000, 0x050d0000, 0x05150000)
 tenured generation   total 10944K, used 3724K [0x0a150000, 0x0ac00000, 0x14c00000)
   the space 10944K,  34% used [0x0a150000, 0x0a4f3298, 0x0a4f3400, 0x0ac00000)
 compacting perm gen  total 12288K, used 5733K [0x14c00000, 0x15800000, 0x18c00000)
   the space 12288K,  46% used [0x14c00000, 0x15199530, 0x15199600, 0x15800000)
No shared spaces configured.
}
Event: 5.959 GC heap before
{Heap before GC invocations=2 (full 0):
 def new generation   total 4928K, used 4281K [0x04c00000, 0x05150000, 0x0a150000)
  eden space 4416K,  96% used [0x04c00000, 0x0502e158, 0x05050000)
  from space 512K,   0% used [0x05050000, 0x05050548, 0x050d0000)
  to   space 512K,   0% used [0x050d0000, 0x050d0000, 0x05150000)
 tenured generation   total 10944K, used 3724K [0x0a150000, 0x0ac00000, 0x14c00000)
   the space 10944K,  34% used [0x0a150000, 0x0a4f3298, 0x0a4f3400, 0x0ac00000)
 compacting perm gen  total 12288K, used 7993K [0x14c00000, 0x15800000, 0x18c00000)
   the space 12288K,  65% used [0x14c00000, 0x153ce740, 0x153ce800, 0x15800000)
No shared spaces configured.
Event: 5.968 GC heap after
Heap after GC invocations=3 (full 0):
 def new generation   total 4928K, used 414K [0x04c00000, 0x05150000, 0x0a150000)
  eden space 4416K,   0% used [0x04c00000, 0x04c00000, 0x05050000)
  from space 512K,  81% used [0x050d0000, 0x05137bf8, 0x05150000)
  to   space 512K,   0% used [0x05050000, 0x05050000, 0x050d0000)
 tenured generation   total 10944K, used 4598K [0x0a150000, 0x0ac00000, 0x14c00000)
   the space 10944K,  42% used [0x0a150000, 0x0a5cd868, 0x0a5cda00, 0x0ac00000)
 compacting perm gen  total 12288K, used 7993K [0x14c00000, 0x15800000, 0x18c00000)
   the space 12288K,  65% used [0x14c00000, 0x153ce740, 0x153ce800, 0x15800000)
No shared spaces configured.
}

Deoptimization events (0 events):
No events

Internal exceptions (10 events):
Event: 0.695 Thread 0x19608400 Threw 0x04cf01a0 at C:\jdk7u2_32P\jdk7u25\hotspot\src\share\vm\prims\jvm.cpp:1235
Event: 1.784 Thread 0x19608400 Threw 0x04d68160 at C:\jdk7u2_32P\jdk7u25\hotspot\src\share\vm\prims\jvm.cpp:1235
Event: 1.836 Thread 0x19608400 Threw 0x04d89d40 at C:\jdk7u2_32P\jdk7u25\hotspot\src\share\vm\prims\jvm.cpp:1235
Event: 1.855 Thread 0x19608400 Threw 0x04d8c198 at C:\jdk7u2_32P\jdk7u25\hotspot\src\share\vm\prims\jvm.cpp:1235
Event: 5.816 Thread 0x19608400 Threw 0x05003420 at C:\jdk7u2_32P\jdk7u25\hotspot\src\share\vm\prims\jvm.cpp:1235
Event: 5.835 Thread 0x19608400 Threw 0x0500ff30 at C:\jdk7u2_32P\jdk7u25\hotspot\src\share\vm\prims\jvm.cpp:1235
Event: 5.854 Thread 0x19608400 Threw 0x05011a38 at C:\jdk7u2_32P\jdk7u25\hotspot\src\share\vm\prims\jvm.cpp:1235
Event: 5.868 Thread 0x19608400 Threw 0x050139d0 at C:\jdk7u2_32P\jdk7u25\hotspot\src\share\vm\prims\jvm.cpp:1235
Event: 5.888 Thread 0x19608400 Threw 0x05019948 at C:\jdk7u2_32P\jdk7u25\hotspot\src\share\vm\prims\jvm.cpp:1235
Event: 5.905 Thread 0x19608400 Threw 0x0501aaf0 at C:\jdk7u2_32P\jdk7u25\hotspot\src\share\vm\prims\jvm.cpp:1235

Events (10 events):
Event: 6.032 Executing VM operation: RevokeBias
Event: 6.032 Executing VM operation: RevokeBias done
Event: 6.032 loading class 0x19675650
Event: 6.032 loading class 0x19675650 done
Event: 6.032 loading class 0x18e104a8
Event: 6.032 loading class 0x18e104a8 done
Event: 6.032 loading class 0x18e48cc8
Event: 6.033 loading class 0x18e48cc8 done
Event: 6.034 loading class 0x196751b8
Event: 6.034 loading class 0x196751b8 done


Dynamic libraries:
0x00400000 - 0x0042f000 	C:\Program Files\Java\jdk1.7.0_25\bin\java.exe
0x77480000 - 0x77600000 	C:\Windows\SysWOW64\ntdll.dll
0x752f0000 - 0x75400000 	C:\Windows\syswow64\kernel32.dll
0x76870000 - 0x768b7000 	C:\Windows\syswow64\KERNELBASE.dll
0x76c70000 - 0x76d10000 	C:\Windows\syswow64\advapi32.dll
0x75ac0000 - 0x75b6c000 	C:\Windows\syswow64\msvcrt.dll
0x768f0000 - 0x76909000 	C:\Windows\SysWOW64\sechost.dll
0x76f10000 - 0x77000000 	C:\Windows\syswow64\RPCRT4.dll
0x74e20000 - 0x74e80000 	C:\Windows\syswow64\SspiCli.dll
0x74e10000 - 0x74e1c000 	C:\Windows\syswow64\CRYPTBASE.dll
0x74e80000 - 0x74fdc000 	C:\Windows\syswow64\ole32.dll
0x751a0000 - 0x75230000 	C:\Windows\syswow64\GDI32.dll
0x76e10000 - 0x76f10000 	C:\Windows\syswow64\USER32.dll
0x75280000 - 0x7528a000 	C:\Windows\syswow64\LPK.dll
0x75450000 - 0x754ed000 	C:\Windows\syswow64\USP10.dll
0x75290000 - 0x752f0000 	C:\Windows\system32\IMM32.DLL
0x76d40000 - 0x76e0c000 	C:\Windows\syswow64\MSCTF.dll
0x72400000 - 0x7243c000 	C:\Windows\system32\mswsock.dll
0x75400000 - 0x75435000 	C:\Windows\syswow64\WS2_32.dll
0x76940000 - 0x76946000 	C:\Windows\syswow64\NSI.dll
0x69a10000 - 0x69a54000 	C:\Windows\system32\dnsapi.dll
0x75c20000 - 0x7686b000 	C:\Windows\syswow64\shell32.dll
0x74fe0000 - 0x75037000 	C:\Windows\syswow64\SHLWAPI.dll
0x77000000 - 0x7707b000 	C:\Windows\syswow64\comdlg32.dll
0x69da0000 - 0x69e24000 	C:\Windows\WinSxS\x86_microsoft.windows.common-controls_6595b64144ccf1df_5.82.7601.18201_none_ec80f00e8593ece5\COMCTL32.dll
0x637f0000 - 0x6398e000 	C:\Windows\WinSxS\x86_microsoft.windows.common-controls_6595b64144ccf1df_6.0.7601.17514_none_41e6975e2bd6f2b2\COMCTL32.dll
0x64a80000 - 0x64b00000 	C:\Windows\system32\uxtheme.dll
0x78aa0000 - 0x78b5e000 	C:\Program Files\Java\jdk1.7.0_25\jre\bin\msvcr100.dll
0x6e8c0000 - 0x6ec02000 	C:\Program Files\Java\jdk1.7.0_25\jre\bin\client\jvm.dll
0x72470000 - 0x72477000 	C:\Windows\system32\WSOCK32.dll
0x73e00000 - 0x73e32000 	C:\Windows\system32\WINMM.dll
0x75440000 - 0x75445000 	C:\Windows\syswow64\PSAPI.DLL
0x6e810000 - 0x6e81c000 	C:\Program Files\Java\jdk1.7.0_25\jre\bin\verify.dll
0x6d5a0000 - 0x6d5c0000 	C:\Program Files\Java\jdk1.7.0_25\jre\bin\java.dll
0x6e8a0000 - 0x6e8b3000 	C:\Program Files\Java\jdk1.7.0_25\jre\bin\zip.dll
0x6d110000 - 0x6d254000 	C:\Program Files\Java\jdk1.7.0_25\jre\bin\awt.dll
0x75610000 - 0x7569f000 	C:\Windows\syswow64\OLEAUT32.dll
0x65f60000 - 0x65f73000 	C:\Windows\system32\dwmapi.dll
0x6d380000 - 0x6d3b1000 	C:\Program Files\Java\jdk1.7.0_25\jre\bin\fontmanager.dll
0x52da0000 - 0x52f63000 	C:\Windows\system32\d3d9.dll
0x743a0000 - 0x743a9000 	C:\Windows\system32\VERSION.dll
0x62f00000 - 0x62f06000 	C:\Windows\system32\d3d8thk.dll
0x62280000 - 0x6228b000 	C:\Windows\system32\atiu9pag.DLL
0x52800000 - 0x52d9d000 	C:\Windows\system32\atiumdag.dll
0x52290000 - 0x5269b000 	C:\Windows\system32\atiumdva.dll
0x6e330000 - 0x6e355000 	C:\Program Files\Java\jdk1.7.0_25\jre\bin\jpeg.dll
0x6e5c0000 - 0x6e5d4000 	C:\Program Files\Java\jdk1.7.0_25\jre\bin\net.dll
0x69340000 - 0x69346000 	C:\Windows\System32\wship6.dll
0x6e5e0000 - 0x6e5ef000 	C:\Program Files\Java\jdk1.7.0_25\jre\bin\nio.dll
0x6e7c0000 - 0x6e7f0000 	C:\Program Files\Java\jdk1.7.0_25\jre\bin\t2k.dll
0x6d290000 - 0x6d2b4000 	C:\Program Files\Java\jdk1.7.0_25\jre\bin\dcpr.dll
0x75b70000 - 0x75bf3000 	C:\Windows\syswow64\CLBCatQ.DLL
0x5d120000 - 0x5d251000 	C:\Windows\system32\WindowsCodecs.dll
0x6adb0000 - 0x6adfc000 	C:\Windows\system32\apphelp.dll
0x5d400000 - 0x5d431000 	C:\Windows\system32\EhStorShell.dll
0x756b0000 - 0x7584d000 	C:\Windows\syswow64\SETUPAPI.dll
0x768c0000 - 0x768e7000 	C:\Windows\syswow64\CFGMGR32.dll
0x75c00000 - 0x75c12000 	C:\Windows\syswow64\DEVOBJ.dll
0x5b8b0000 - 0x5b9a5000 	C:\Windows\system32\PROPSYS.dll
0x5b7d0000 - 0x5b840000 	C:\Windows\system32\ntshrui.dll
0x69d50000 - 0x69d69000 	C:\Windows\system32\srvcli.dll
0x69920000 - 0x6992b000 	C:\Windows\system32\cscapi.dll
0x637a0000 - 0x637aa000 	C:\Windows\system32\slc.dll
0x65e70000 - 0x65f5b000 	C:\Windows\system32\dbghelp.dll

VM Arguments:
jvm_args: -Dfile.encoding=UTF-8 
java_command: StartPage
Launcher Type: SUN_STANDARD

Environment Variables:
CLASSPATH=C:\Program Files (x86)\Java\jdk1.8.0_25\bin
PATH=C:\Program Files\Java\jdk1.7.0_25\bin;C:\Program Files (x86)\NetBeans 7.3.1\bin;C:\Users\rrr101\AppData\Local\Spoon\3.33.539.0;C:\Users\rrr101\Downloads;C:\Program Files (x86)\Google\Chrome\Application;C:\ProgramData\Oracle\Java\javapath;C:\Program Files\Common Files\Microsoft Shared\Windows Live;C:\Program Files (x86)\Common Files\Microsoft Shared\Windows Live;C:\Windows\system32;C:\Windows;C:\Windows\System32\Wbem;C:\Windows\System32\WindowsPowerShell\v1.0\;C:\Program Files (x86)\Common Files\Roxio Shared\9.0\DLLShared\;C:\Program Files\SAS\SharedFiles(32)\Formats;\\ad.wiu.edu\wiu\labs\scripts;P:\;C:\Program Files (x86)\Java\jdk1.8.0_25\bin;C:\Program Files\Common Files\Autodesk Shared\;C:\Program Files (x86)\Windows Live\Shared;C:\Program Files (x86)\Common Files\Roxio Shared\DLLShared\;C:\Program Files (x86)\Common Files\Roxio Shared\OEM\DLLShared\;C:\Program Files (x86)\Common Files\Roxio Shared\OEM\12.0\DLLShared\;C:\Program Files (x86)\Roxio\OEM\AudioCore\;C:\Program Files\SAS\SharedFiles\Secure;C:\Program Files\SAS\SharedFiles(32)\Secure;C:\Program Files\SASHome\Secure\ccme4;C:\Program Files\SASHome\x86\Secure\ccme4;C:\Program Files (x86)\Windows Kits\8.1\Windows Performance Toolkit\;C:\Program Files\Microsoft SQL Server\110\Tools\Binn\;C:\Program Files (x86)\QuickTime\QTSystem\;C:\Program Files (x86)\Microsoft SDKs\TypeScript\1.0\;C:\Program Files\Microsoft SQL Server\120\Tools\Binn\;C:\Program Files (x86)\Java\jdk1.7.0_55\bin;C:\Users\rrr101\AppData\Local\Spoon\Cmd;
USERNAME=rrr101
OS=Windows_NT
PROCESSOR_IDENTIFIER=Intel64 Family 6 Model 42 Stepping 7, GenuineIntel



---------------  S Y S T E M  ---------------

OS: Windows 7 , 64 bit Build 7601 Service Pack 1

CPU:total 4 (4 cores per cpu, 1 threads per core) family 6 model 42 stepping 7, cmov, cx8, fxsr, mmx, sse, sse2, sse3, ssse3, sse4.1, sse4.2, popcnt, avx, tsc, tscinvbit

Memory: 4k page, physical 4150324k(724204k free), swap 4148468k(4976k free)

vm_info: Java HotSpot(TM) Client VM (23.25-b01) for windows-x86 JRE (1.7.0_25-b17), built on Jun 21 2013 13:06:48 by "java_re" with unknown MS VC++:1600

time: Wed Apr 22 00:09:21 2015
elapsed time: 6 seconds

